<?xml version="1.0" encoding="UTF-8"?>
<testsuite xmlns:xsi="http://www.w3.org/2001/XMLSchema-instance" xsi:noNamespaceSchemaLocation="https://maven.apache.org/surefire/maven-surefire-plugin/xsd/surefire-test-report.xsd" name="com.laslibs.LasJavaTest" time="0.044" tests="14" errors="0" skipped="0" failures="0">
  <properties>
[...]
</properties>
  <testcase name="getMetaVersion" classname="com.laslibs.LasJavaTest" time="0.006"/>
  <testcase name="getWellParams" classname="com.laslibs.LasJavaTest" time="0.003"/>
  <testcase name="getLas" classname="com.laslibs.LasJavaTest" time="0"/>
  <testcase name="toCsvStripped" classname="com.laslibs.LasJavaTest" time="0.006"/>
  <testcase name="getLogParam" classname="com.laslibs.LasJavaTest" time="0.001"/>
  <testcase name="toCsv" classname="com.laslibs.LasJavaTest" time="0.002"/>
  <testcase name="getHeaderAndDescr" classname="com.laslibs.LasJavaTest" time="0.001"/>
  <testcase name="getColumn" classname="com.laslibs.LasJavaTest" time="0.003"/>
  <testcase name="getDataStripped" classname="com.laslibs.LasJavaTest" time="0.002"/>
  <testcase name="getHeader" classname="com.laslibs.LasJavaTest" time="0.002"/>
  <testcase name="getColumnStripped" classname="com.laslibs.LasJavaTest" time="0"/>
  <testcase name="getMetaWrap" classname="com.laslibs.LasJavaTest" time="0"/>
  <testcase name="getCurveParams" classname="com.laslibs.LasJavaTest" time="0"/>
  <testcase name="getOther" classname="com.laslibs.LasJavaTest" time="0"/>
</testsuite>